[ 2019-03-18T20:19:38+08:00 ] ::1 /et_system/Home/Index/upload_file.html
ERR: 非法操作:upload_file

[ 2019-03-18T20:19:57+08:00 ] ::1 /et_system/Home/Index/upload_file.html
ERR: 非法操作:upload_file

[ 2019-03-18T20:35:20+08:00 ] ::1 /et_system/Public/css/bootstrap.min.css.map
ERR: 无法加载控制器:Public

[ 2019-03-18T20:35:29+08:00 ] ::1 /et_system/Public/css/bootstrap.min.css.map
ERR: 无法加载控制器:Public

[ 2019-03-18T20:37:32+08:00 ] ::1 /et_system/Public/css/bootstrap.min.css.map
ERR: 无法加载控制器:Public

[ 2019-03-18T20:37:33+08:00 ] ::1 /et_system/Public/css/bootstrap.min.css.map
ERR: 无法加载控制器:Public

[ 2019-03-18T20:39:10+08:00 ] ::1 /et_system/Public/css/bootstrap.min.css.map
ERR: 无法加载控制器:Public

[ 2019-03-18T20:39:10+08:00 ] ::1 /et_system/Public/css/bootstrap.min.css.map
ERR: 无法加载控制器:Public

[ 2019-03-18T20:39:11+08:00 ] ::1 /et_system/Public/css/bootstrap.min.css.map
ERR: 无法加载控制器:Public

[ 2019-03-18T20:39:12+08:00 ] ::1 /et_system/Public/css/bootstrap.min.css.map
ERR: 无法加载控制器:Public

[ 2019-03-18T20:45:44+08:00 ] ::1 /et_system/Public/css/bootstrap.min.css.map
ERR: 无法加载控制器:Public

[ 2019-03-18T20:45:45+08:00 ] ::1 /et_system/Public/css/bootstrap.min.css.map
ERR: 无法加载控制器:Public

[ 2019-03-18T20:46:27+08:00 ] ::1 /et_system/Public/css/bootstrap.min.css.map
ERR: 无法加载控制器:Public

[ 2019-03-18T20:46:30+08:00 ] ::1 /et_system/Public/css/bootstrap.min.css.map
ERR: 无法加载控制器:Public

[ 2019-03-18T20:47:19+08:00 ] ::1 /et_system/Public/css/bootstrap.min.css.map
ERR: 无法加载控制器:Public

[ 2019-03-18T21:01:44+08:00 ] ::1 /et_system/Public/Home/css/bootstrap.min.css.map
ERR: 无法加载控制器:Public

[ 2019-03-18T21:01:45+08:00 ] ::1 /et_system/Public/Home/css/bootstrap.min.css.map
ERR: 无法加载控制器:Public

[ 2019-03-18T21:01:46+08:00 ] ::1 /et_system/Public/Home/css/bootstrap.min.css.map
ERR: 无法加载控制器:Public

[ 2019-03-18T21:02:48+08:00 ] ::1 /et_system/Public/Home/css/bootstrap.min.css.map
ERR: 无法加载控制器:Public

[ 2019-03-18T21:02:54+08:00 ] ::1 /et_system/Public/css/bootstrap.min.css.map
ERR: 无法加载控制器:Public

[ 2019-03-18T21:02:55+08:00 ] ::1 /et_system/Public/css/jquery.fileupload.css
ERR: 无法加载控制器:Public

[ 2019-03-18T21:02:55+08:00 ] ::1 /et_system/Public/css/jquery.fileupload-ui.css
ERR: 无法加载控制器:Public

[ 2019-03-18T21:02:55+08:00 ] ::1 /et_system/Public/js/jquery.ui.widget.js
ERR: 无法加载控制器:Public

[ 2019-03-18T21:02:55+08:00 ] ::1 /et_system/Public/js/jquery.iframe-transport.js
ERR: 无法加载控制器:Public

[ 2019-03-18T21:02:55+08:00 ] ::1 /et_system/Public/js/jquery.fileupload.js
ERR: 无法加载控制器:Public

[ 2019-03-18T21:02:55+08:00 ] ::1 /et_system/Public/js/jquery.fileupload-image.js
ERR: 无法加载控制器:Public

[ 2019-03-18T21:02:55+08:00 ] ::1 /et_system/Public/js/jquery.fileupload-process.js
ERR: 无法加载控制器:Public

[ 2019-03-18T21:02:55+08:00 ] ::1 /et_system/Public/js/jquery.fileupload-audio.js
ERR: 无法加载控制器:Public

[ 2019-03-18T21:02:55+08:00 ] ::1 /et_system/Public/js/jquery.fileupload-video.js
ERR: 无法加载控制器:Public

[ 2019-03-18T21:02:55+08:00 ] ::1 /et_system/Public/js/jquery.fileupload-validate.js
ERR: 无法加载控制器:Public

[ 2019-03-18T21:02:55+08:00 ] ::1 /et_system/Public/js/jquery.fileupload-angular.js
ERR: 无法加载控制器:Public

[ 2019-03-18T21:02:55+08:00 ] ::1 /et_system/Public/js/app.js
ERR: 无法加载控制器:Public

[ 2019-03-18T21:02:56+08:00 ] ::1 /et_system/Public/js/jquery.ui.widget.js
ERR: 无法加载控制器:Public

[ 2019-03-18T21:02:56+08:00 ] ::1 /et_system/Public/js/jquery.iframe-transport.js
ERR: 无法加载控制器:Public

[ 2019-03-18T21:02:56+08:00 ] ::1 /et_system/Public/js/jquery.fileupload.js
ERR: 无法加载控制器:Public

[ 2019-03-18T21:02:57+08:00 ] ::1 /et_system/Public/js/jquery.fileupload-process.js
ERR: 无法加载控制器:Public

[ 2019-03-18T21:02:57+08:00 ] ::1 /et_system/Public/js/jquery.fileupload-image.js
ERR: 无法加载控制器:Public

[ 2019-03-18T21:02:57+08:00 ] ::1 /et_system/Public/js/jquery.fileupload-audio.js
ERR: 无法加载控制器:Public

[ 2019-03-18T21:02:57+08:00 ] ::1 /et_system/Public/js/jquery.fileupload-video.js
ERR: 无法加载控制器:Public

[ 2019-03-18T21:02:57+08:00 ] ::1 /et_system/Public/js/jquery.fileupload-validate.js
ERR: 无法加载控制器:Public

[ 2019-03-18T21:02:57+08:00 ] ::1 /et_system/Public/js/jquery.fileupload-angular.js
ERR: 无法加载控制器:Public

[ 2019-03-18T21:02:57+08:00 ] ::1 /et_system/Public/js/app.js
ERR: 无法加载控制器:Public

[ 2019-03-18T21:02:57+08:00 ] ::1 /et_system/Public/css/bootstrap.min.css.map
ERR: 无法加载控制器:Public

[ 2019-03-18T21:03:49+08:00 ] ::1 /et_system/Public/css/bootstrap.min.css
ERR: 无法加载控制器:Public

[ 2019-03-18T21:03:49+08:00 ] ::1 /et_system/Public/css/bootstrap-sisenet.css
ERR: 无法加载控制器:Public

[ 2019-03-18T21:03:49+08:00 ] ::1 /et_system/Public/css/animate.css
ERR: 无法加载控制器:Public

[ 2019-03-18T21:03:49+08:00 ] ::1 /et_system/Public/css/jquery.fileupload.css
ERR: 无法加载控制器:Public

[ 2019-03-18T21:03:49+08:00 ] ::1 /et_system/Public/js/jquery.fileupload.js
ERR: 无法加载控制器:Public

[ 2019-03-18T21:03:49+08:00 ] ::1 /et_system/Public/css/jquery.fileupload-ui.css
ERR: 无法加载控制器:Public

[ 2019-03-18T21:03:49+08:00 ] ::1 /et_system/Public/js/jquery.ui.widget.js
ERR: 无法加载控制器:Public

[ 2019-03-18T21:03:49+08:00 ] ::1 /et_system/Public/js/jquery.iframe-transport.js
ERR: 无法加载控制器:Public

[ 2019-03-18T21:03:49+08:00 ] ::1 /et_system/Public/js/jquery.fileupload-process.js
ERR: 无法加载控制器:Public

[ 2019-03-18T21:03:49+08:00 ] ::1 /et_system/Public/js/jquery.fileupload-image.js
ERR: 无法加载控制器:Public

[ 2019-03-18T21:03:49+08:00 ] ::1 /et_system/Public/js/jquery.fileupload-audio.js
ERR: 无法加载控制器:Public

[ 2019-03-18T21:03:49+08:00 ] ::1 /et_system/Public/js/app.js
ERR: 无法加载控制器:Public

[ 2019-03-18T21:03:49+08:00 ] ::1 /et_system/Public/js/jquery.fileupload-validate.js
ERR: 无法加载控制器:Public

[ 2019-03-18T21:03:49+08:00 ] ::1 /et_system/Public/js/jquery.fileupload-angular.js
ERR: 无法加载控制器:Public

[ 2019-03-18T21:03:49+08:00 ] ::1 /et_system/Public/js/jquery.fileupload-video.js
ERR: 无法加载控制器:Public

[ 2019-03-18T21:03:49+08:00 ] ::1 /et_system/Public/js/jquery.ui.widget.js
ERR: 无法加载控制器:Public

[ 2019-03-18T21:03:49+08:00 ] ::1 /et_system/Public/js/jquery.iframe-transport.js
ERR: 无法加载控制器:Public

[ 2019-03-18T21:03:50+08:00 ] ::1 /et_system/Public/js/jquery.fileupload.js
ERR: 无法加载控制器:Public

[ 2019-03-18T21:03:50+08:00 ] ::1 /et_system/Public/js/jquery.fileupload-process.js
ERR: 无法加载控制器:Public

[ 2019-03-18T21:03:50+08:00 ] ::1 /et_system/Public/js/jquery.fileupload-image.js
ERR: 无法加载控制器:Public

[ 2019-03-18T21:03:50+08:00 ] ::1 /et_system/Public/css/animate.css
ERR: 无法加载控制器:Public

[ 2019-03-18T21:03:50+08:00 ] ::1 /et_system/Public/css/bootstrap-sisenet.css
ERR: 无法加载控制器:Public

[ 2019-03-18T21:03:50+08:00 ] ::1 /et_system/Public/css/bootstrap.min.css
ERR: 无法加载控制器:Public

[ 2019-03-18T21:03:50+08:00 ] ::1 /et_system/Public/css/jquery.fileupload.css
ERR: 无法加载控制器:Public

[ 2019-03-18T21:03:50+08:00 ] ::1 /et_system/Public/css/jquery.fileupload-ui.css
ERR: 无法加载控制器:Public

[ 2019-03-18T21:03:50+08:00 ] ::1 /et_system/Public/js/jquery.ui.widget.js
ERR: 无法加载控制器:Public

[ 2019-03-18T21:03:50+08:00 ] ::1 /et_system/Public/js/jquery.iframe-transport.js
ERR: 无法加载控制器:Public

[ 2019-03-18T21:03:50+08:00 ] ::1 /et_system/Public/js/jquery.fileupload-process.js
ERR: 无法加载控制器:Public

[ 2019-03-18T21:03:50+08:00 ] ::1 /et_system/Public/js/jquery.fileupload.js
ERR: 无法加载控制器:Public

[ 2019-03-18T21:03:50+08:00 ] ::1 /et_system/Public/js/jquery.fileupload-image.js
ERR: 无法加载控制器:Public

[ 2019-03-18T21:03:50+08:00 ] ::1 /et_system/Public/js/jquery.fileupload-video.js
ERR: 无法加载控制器:Public

[ 2019-03-18T21:03:50+08:00 ] ::1 /et_system/Public/js/jquery.fileupload-audio.js
ERR: 无法加载控制器:Public

[ 2019-03-18T21:03:50+08:00 ] ::1 /et_system/Public/js/jquery.fileupload-validate.js
ERR: 无法加载控制器:Public

[ 2019-03-18T21:03:50+08:00 ] ::1 /et_system/Public/js/jquery.fileupload-angular.js
ERR: 无法加载控制器:Public

[ 2019-03-18T21:03:50+08:00 ] ::1 /et_system/Public/js/app.js
ERR: 无法加载控制器:Public

[ 2019-03-18T21:03:50+08:00 ] ::1 /et_system/Public/js/jquery.ui.widget.js
ERR: 无法加载控制器:Public

[ 2019-03-18T21:03:50+08:00 ] ::1 /et_system/Public/js/jquery.iframe-transport.js
ERR: 无法加载控制器:Public

[ 2019-03-18T21:03:50+08:00 ] ::1 /et_system/Public/js/jquery.fileupload.js
ERR: 无法加载控制器:Public

[ 2019-03-18T21:03:50+08:00 ] ::1 /et_system/Public/js/jquery.fileupload-process.js
ERR: 无法加载控制器:Public

[ 2019-03-18T21:03:50+08:00 ] ::1 /et_system/Public/js/jquery.fileupload-image.js
ERR: 无法加载控制器:Public

[ 2019-03-18T21:03:50+08:00 ] ::1 /et_system/Public/js/jquery.fileupload-audio.js
ERR: 无法加载控制器:Public

[ 2019-03-18T21:03:50+08:00 ] ::1 /et_system/Public/js/jquery.fileupload-video.js
ERR: 无法加载控制器:Public

[ 2019-03-18T21:03:50+08:00 ] ::1 /et_system/Public/js/jquery.fileupload-validate.js
ERR: 无法加载控制器:Public

[ 2019-03-18T21:03:51+08:00 ] ::1 /et_system/Public/js/jquery.fileupload-angular.js
ERR: 无法加载控制器:Public

[ 2019-03-18T21:03:51+08:00 ] ::1 /et_system/Public/js/app.js
ERR: 无法加载控制器:Public

[ 2019-03-18T21:05:57+08:00 ] ::1 /et_system/Public/Admin/css/bootstrap.min.css.map
ERR: 无法加载控制器:Public

[ 2019-03-18T21:06:00+08:00 ] ::1 /et_system/Public/Admin/css/bootstrap.min.css.map
ERR: 无法加载控制器:Public

[ 2019-03-18T21:06:02+08:00 ] ::1 /et_system/Public/Admin/css/bootstrap.min.css.map
ERR: 无法加载控制器:Public

[ 2019-03-18T21:06:12+08:00 ] ::1 /et_system/Public/Admin/css/bootstrap.min.css.map
ERR: 无法加载控制器:Public

[ 2019-03-18T21:06:15+08:00 ] ::1 /et_system/Public/Admin/css/bootstrap.min.css.map
ERR: 无法加载控制器:Public

[ 2019-03-18T21:06:17+08:00 ] ::1 /et_system/Public/Admin/css/bootstrap.min.css.map
ERR: 无法加载控制器:Public

